<?xml version="1.0" encoding="UTF-8"?>
<testng-results ignored="0" total="1" passed="1" failed="0" skipped="0">
  <reporter-output>
  </reporter-output>
  <suite started-at="2024-10-23T00:44:15 IST" name="Default suite" finished-at="2024-10-23T00:44:24 IST" duration-ms="9035">
    <groups>
    </groups>
    <test started-at="2024-10-23T00:44:15 IST" name="Default test" finished-at="2024-10-23T00:44:24 IST" duration-ms="9035">
      <class name="project.code">
        <test-method is-config="true" signature="setup()[pri:0, instance:project.code@1e800aaa]" started-at="2024-10-23T00:44:15 IST" name="setup" finished-at="2024-10-23T00:44:18 IST" duration-ms="3120" status="PASS">
          <reporter-output>
          </reporter-output>
        </test-method> <!-- setup -->
        <test-method signature="testFormFilling()[pri:0, instance:project.code@1e800aaa]" started-at="2024-10-23T00:44:18 IST" name="testFormFilling" finished-at="2024-10-23T00:44:24 IST" duration-ms="5635" status="PASS">
          <reporter-output>
          </reporter-output>
        </test-method> <!-- testFormFilling -->
        <test-method is-config="true" signature="tearDown()[pri:0, instance:project.code@1e800aaa]" started-at="2024-10-23T00:44:24 IST" name="tearDown" finished-at="2024-10-23T00:44:24 IST" duration-ms="220" status="PASS">
          <reporter-output>
          </reporter-output>
        </test-method> <!-- tearDown -->
      </class> <!-- project.code -->
    </test> <!-- Default test -->
  </suite> <!-- Default suite -->
</testng-results>
